<?xml version="1.0" encoding="UTF-8"?>
<!-- Generated by org.testng.reporters.JUnitReportReporter -->
<testsuite hostname="Sangeetha" failures="0" tests="2" name="tests.DeleteScenarios" time="0.431" errors="0" timestamp="2024-02-15T22:41:17 EST" skipped="0">
  <testcase classname="tests.DeleteScenarios" name="deleteUserById" time="0.198"/>
  <system-out/>
  <testcase classname="tests.DeleteScenarios" name="deleteUserByName" time="0.233"/>
  <system-out/>
</testsuite> <!-- tests.DeleteScenarios -->
