<?xml version="1.0" encoding="UTF-8"?>
<!-- Generated by org.testng.reporters.JUnitReportReporter -->
<testsuite hostname="Sangeetha" failures="0" tests="1" name="tests.PutScenarios" time="0.238" errors="0" timestamp="2024-02-15T22:41:17 EST" skipped="0">
  <testcase classname="tests.PutScenarios" name="putUserbyId" time="0.238"/>
  <system-out/>
</testsuite> <!-- tests.PutScenarios -->
