<?xml version="1.0" encoding="UTF-8"?>
<!-- Generated by org.testng.reporters.JUnitReportReporter -->
<testsuite hostname="Sangeetha" failures="0" tests="2" name="tests.GetScenarios" time="0.259" errors="0" timestamp="2024-02-15T22:41:17 EST" skipped="1">
  <testcase classname="tests.GetScenarios" name="getUserById" time="0.259"/>
  <system-out/>
  <testcase classname="tests.GetScenarios" name="getAllUsers">
    <skipped/>
  </testcase> <!-- getAllUsers -->
  <system-out/>
</testsuite> <!-- tests.GetScenarios -->
